{"name": "Проверка переход в раздел личного кабинета 'История заказов'", "status": "broken", "statusDetails": {"message": "selenium.common.exceptions.TimeoutException: Message: \nStacktrace:\n0   chromedriver                        0x00000001030cea80 chromedriver + 4385408\n1   chromedriver                        0x00000001030c738c chromedriver + 4354956\n2   chromedriver                        0x0000000102ce4b0c chromedriver + 281356\n3   chromedriver                        0x0000000102d272f8 chromedriver + 553720\n4   chromedriver                        0x0000000102d5fd24 chromedriver + 785700\n5   chromedriver                        0x0000000102d1beec chromedriver + 507628\n6   chromedriver                        0x0000000102d1c8c4 chromedriver + 510148\n7   chromedriver                        0x000000010309643c chromedriver + 4154428\n8   chromedriver                        0x000000010309aea0 chromedriver + 4173472\n9   chromedriver                        0x000000010307bff8 chromedriver + 4046840\n10  chromedriver                        0x000000010309b78c chromedriver + 4175756\n11  chromedriver                        0x000000010306efb8 chromedriver + 3993528\n12  chromedriver                        0x00000001030b921c chromedriver + 4297244\n13  chromedriver                        0x00000001030b9398 chromedriver + 4297624\n14  chromedriver                        0x00000001030c6f84 chromedriver + 4353924\n15  libsystem_pthread.dylib             0x000000019ad5ef94 _pthread_start + 136\n16  libsystem_pthread.dylib             0x000000019ad59d34 thread_start + 8", "trace": "self = <test_personal_account.TestPersonalAccount object at 0x10330e1b0>, logged = None, header = <pages.header.Header object at 0x1033f90d0>\naccount_profile_page = <pages.account_profile_page.AccountProfilePage object at 0x10350ca70>\naccount_order_history_page = <pages.account_order_history_page.AccountOrderHistoryPage object at 0x10350ccb0>\n\n    @allure.title(\"Проверка переход в раздел личного кабинета 'История заказов'\")\n    def test_go_to_order_history_section_by_click_link_order_history(self, logged, header, account_profile_page,\n                                                                     account_order_history_page):\n        header.click_by_link_personal_account()\n>       account_profile_page.click_link_order_history()\n\ntests/test_personal_account.py:17: \n_ _ _ _ _ _ _ _ _ _ _ _ _ _ _ _ _ _ _ _ _ _ _ _ _ _ _ _ _ _ _ _ _ _ _ _ _ _ _ _ _ _ _ _ _ _ _ _ _ _ _ _ _ _ _ _ _ _ _ _ _ _ _ _ _ _ _ _ _ _ _ _ _ _ _ _ _ _ _ _ _ \npages/account_profile_page.py:19: in click_link_order_history\n    self.click_by_element(AccountProfilePageLocators.LINK_ORDERS_HISTORY)\npages/base_page.py:27: in click_by_element\n    WDWait(self.web_drv, timeout).until(ec.element_to_be_clickable(locator)).click()\n_ _ _ _ _ _ _ _ _ _ _ _ _ _ _ _ _ _ _ _ _ _ _ _ _ _ _ _ _ _ _ _ _ _ _ _ _ _ _ _ _ _ _ _ _ _ _ _ _ _ _ _ _ _ _ _ _ _ _ _ _ _ _ _ _ _ _ _ _ _ _ _ _ _ _ _ _ _ _ _ _ \n\nself = <selenium.webdriver.support.wait.WebDriverWait (session=\"ec266346b5d22f46fa8fbed525bb5d30\")>\nmethod = <function element_to_be_clickable.<locals>._predicate at 0x103463c40>, message = ''\n\n    def until(self, method: Callable[[D], Union[Literal[False], T]], message: str = \"\") -> T:\n        \"\"\"Calls the method provided with the driver as an argument until the \\\n        return value does not evaluate to ``False``.\n    \n        :param method: callable(WebDriver)\n        :param message: optional message for :exc:`TimeoutException`\n        :returns: the result of the last call to `method`\n        :raises: :exc:`selenium.common.exceptions.TimeoutException` if timeout occurs\n        \"\"\"\n        screen = None\n        stacktrace = None\n    \n        end_time = time.monotonic() + self._timeout\n        while True:\n            try:\n                value = method(self._driver)\n                if value:\n                    return value\n            except self._ignored_exceptions as exc:\n                screen = getattr(exc, \"screen\", None)\n                stacktrace = getattr(exc, \"stacktrace\", None)\n            time.sleep(self._poll)\n            if time.monotonic() > end_time:\n                break\n>       raise TimeoutException(message, screen, stacktrace)\nE       selenium.common.exceptions.TimeoutException: Message: \nE       Stacktrace:\nE       0   chromedriver                        0x00000001030cea80 chromedriver + 4385408\nE       1   chromedriver                        0x00000001030c738c chromedriver + 4354956\nE       2   chromedriver                        0x0000000102ce4b0c chromedriver + 281356\nE       3   chromedriver                        0x0000000102d272f8 chromedriver + 553720\nE       4   chromedriver                        0x0000000102d5fd24 chromedriver + 785700\nE       5   chromedriver                        0x0000000102d1beec chromedriver + 507628\nE       6   chromedriver                        0x0000000102d1c8c4 chromedriver + 510148\nE       7   chromedriver                        0x000000010309643c chromedriver + 4154428\nE       8   chromedriver                        0x000000010309aea0 chromedriver + 4173472\nE       9   chromedriver                        0x000000010307bff8 chromedriver + 4046840\nE       10  chromedriver                        0x000000010309b78c chromedriver + 4175756\nE       11  chromedriver                        0x000000010306efb8 chromedriver + 3993528\nE       12  chromedriver                        0x00000001030b921c chromedriver + 4297244\nE       13  chromedriver                        0x00000001030b9398 chromedriver + 4297624\nE       14  chromedriver                        0x00000001030c6f84 chromedriver + 4353924\nE       15  libsystem_pthread.dylib             0x000000019ad5ef94 _pthread_start + 136\nE       16  libsystem_pthread.dylib             0x000000019ad59d34 thread_start + 8\n\n/Library/Frameworks/Python.framework/Versions/3.12/lib/python3.12/site-packages/selenium/webdriver/support/wait.py:105: TimeoutException"}, "steps": [{"name": "Клик на 'Личный кабинет' в шапке", "status": "passed", "start": 1720797643768, "stop": 1720797643991}, {"name": "Нажимаем на ссылку 'История заказов'", "status": "broken", "statusDetails": {"message": "selenium.common.exceptions.TimeoutException: Message: \nStacktrace:\n0   chromedriver                        0x00000001030cea80 chromedriver + 4385408\n1   chromedriver                        0x00000001030c738c chromedriver + 4354956\n2   chromedriver                        0x0000000102ce4b0c chromedriver + 281356\n3   chromedriver                        0x0000000102d272f8 chromedriver + 553720\n4   chromedriver                        0x0000000102d5fd24 chromedriver + 785700\n5   chromedriver                        0x0000000102d1beec chromedriver + 507628\n6   chromedriver                        0x0000000102d1c8c4 chromedriver + 510148\n7   chromedriver                        0x000000010309643c chromedriver + 4154428\n8   chromedriver                        0x000000010309aea0 chromedriver + 4173472\n9   chromedriver                        0x000000010307bff8 chromedriver + 4046840\n10  chromedriver                        0x000000010309b78c chromedriver + 4175756\n11  chromedriver                        0x000000010306efb8 chromedriver + 3993528\n12  chromedriver                        0x00000001030b921c chromedriver + 4297244\n13  chromedriver                        0x00000001030b9398 chromedriver + 4297624\n14  chromedriver                        0x00000001030c6f84 chromedriver + 4353924\n15  libsystem_pthread.dylib             0x000000019ad5ef94 _pthread_start + 136\n16  libsystem_pthread.dylib             0x000000019ad59d34 thread_start + 8\n\n", "trace": "  File \"/Library/Frameworks/Python.framework/Versions/3.12/lib/python3.12/site-packages/allure_commons/_allure.py\", line 192, in impl\n    return func(*a, **kw)\n           ^^^^^^^^^^^^^^\n  File \"/Users/lapka/Downloads/Diplom_3/pages/account_profile_page.py\", line 19, in click_link_order_history\n    self.click_by_element(AccountProfilePageLocators.LINK_ORDERS_HISTORY)\n  File \"/Users/lapka/Downloads/Diplom_3/pages/base_page.py\", line 27, in click_by_element\n    WDWait(self.web_drv, timeout).until(ec.element_to_be_clickable(locator)).click()\n    ^^^^^^^^^^^^^^^^^^^^^^^^^^^^^^^^^^^^^^^^^^^^^^^^^^^^^^^^^^^^^^^^^^^^^^^^\n  File \"/Library/Frameworks/Python.framework/Versions/3.12/lib/python3.12/site-packages/selenium/webdriver/support/wait.py\", line 105, in until\n    raise TimeoutException(message, screen, stacktrace)\n"}, "start": 1720797643991, "stop": 1720797654268}], "parameters": [{"name": "web_drv", "value": "'chrome'"}], "start": 1720797643768, "stop": 1720797654268, "uuid": "40ddeef3-7fc5-4c55-b8bc-a0bb07de6f29", "historyId": "0a93333ff040151a6a2200b403b24e3f", "testCaseId": "8e18bd403f462afaf9890449fdbef674", "fullName": "tests.test_personal_account.TestPersonalAccount#test_go_to_order_history_section_by_click_link_order_history", "labels": [{"name": "parentSuite", "value": "tests"}, {"name": "suite", "value": "test_personal_account"}, {"name": "subSuite", "value": "TestPersonalAccount"}, {"name": "host", "value": "MacBook-Air-Lapka.local"}, {"name": "thread", "value": "80456-MainThread"}, {"name": "framework", "value": "pytest"}, {"name": "language", "value": "cpython3"}, {"name": "package", "value": "tests.test_personal_account"}]}